0 info it worked if it ends with ok
1 verbose cli [ '/Users/patrick.murphy/.nvm/versions/node/v6.11.0/bin/node',
1 verbose cli   '/Users/patrick.murphy/.nvm/versions/node/v6.11.0/bin/npm',
1 verbose cli   'start' ]
2 info using npm@3.10.10
3 info using node@v6.11.0
4 verbose run-script [ 'prestart', 'start', 'poststart' ]
5 info lifecycle dev-edition@0.0.0~prestart: dev-edition@0.0.0
6 silly lifecycle dev-edition@0.0.0~prestart: no script for prestart, continuing
7 info lifecycle dev-edition@0.0.0~start: dev-edition@0.0.0
8 verbose lifecycle dev-edition@0.0.0~start: unsafe-perm in lifecycle true
9 verbose lifecycle dev-edition@0.0.0~start: PATH: /Users/patrick.murphy/.nvm/versions/node/v6.11.0/lib/node_modules/npm/bin/node-gyp-bin:/Users/patrick.murphy/Desktop/dev-edition/node_modules/.bin:/Users/patrick.murphy/.nvm/versions/node/v6.11.0/bin:/usr/local/sbin:/usr/local/bin:/Users/patrick.murphy/git/cms-tools/localserver-scripts:/Users/patrick.murphy/git/build/bin:/opt/grails-2.4.2/bin:/usr/local/opt/python/libexec/bin:/usr/local/opt/sqlite/bin:/Users/patrick.murphy/bin:/Users/patrick.murphy/git/build/bin:/Users/patrick.murphy/.sdkman/candidates/groovy/current/bin:/Users/patrick.murphy/.sdkman/candidates/gradle/current/bin:/usr/local/bin:/usr/bin:/bin:/usr/sbin:/sbin:/opt/yarn-[0.27.5_1]/bin:/Users/patrick.murphy/.rvm/bin:/Users/patrick.murphy/bin:/Users/patrick.murphy/git/build/bin:/Users/patrick.murphy/git/cms-prodev-scripts/prodev:/Users/patrick.murphy/git/cms-tools/localserver-scripts:/Users/patrick.murphy/.rvm/bin
10 verbose lifecycle dev-edition@0.0.0~start: CWD: /Users/patrick.murphy/Desktop/dev-edition
11 silly lifecycle dev-edition@0.0.0~start: Args: [ '-c', 'node ./bin/www' ]
12 silly lifecycle dev-edition@0.0.0~start: Returned: code: 1  signal: null
13 info lifecycle dev-edition@0.0.0~start: Failed to exec start script
14 verbose stack Error: dev-edition@0.0.0 start: `node ./bin/www`
14 verbose stack Exit status 1
14 verbose stack     at EventEmitter.<anonymous> (/Users/patrick.murphy/.nvm/versions/node/v6.11.0/lib/node_modules/npm/lib/utils/lifecycle.js:255:16)
14 verbose stack     at emitTwo (events.js:106:13)
14 verbose stack     at EventEmitter.emit (events.js:191:7)
14 verbose stack     at ChildProcess.<anonymous> (/Users/patrick.murphy/.nvm/versions/node/v6.11.0/lib/node_modules/npm/lib/utils/spawn.js:40:14)
14 verbose stack     at emitTwo (events.js:106:13)
14 verbose stack     at ChildProcess.emit (events.js:191:7)
14 verbose stack     at maybeClose (internal/child_process.js:891:16)
14 verbose stack     at Process.ChildProcess._handle.onexit (internal/child_process.js:226:5)
15 verbose pkgid dev-edition@0.0.0
16 verbose cwd /Users/patrick.murphy/Desktop/dev-edition
17 error Darwin 16.7.0
18 error argv "/Users/patrick.murphy/.nvm/versions/node/v6.11.0/bin/node" "/Users/patrick.murphy/.nvm/versions/node/v6.11.0/bin/npm" "start"
19 error node v6.11.0
20 error npm  v3.10.10
21 error code ELIFECYCLE
22 error dev-edition@0.0.0 start: `node ./bin/www`
22 error Exit status 1
23 error Failed at the dev-edition@0.0.0 start script 'node ./bin/www'.
23 error Make sure you have the latest version of node.js and npm installed.
23 error If you do, this is most likely a problem with the dev-edition package,
23 error not with npm itself.
23 error Tell the author that this fails on your system:
23 error     node ./bin/www
23 error You can get information on how to open an issue for this project with:
23 error     npm bugs dev-edition
23 error Or if that isn't available, you can get their info via:
23 error     npm owner ls dev-edition
23 error There is likely additional logging output above.
24 verbose exit [ 1, true ]
